# JRE version: OpenJDK Runtime Environment (17.0.7) (build 17.0.7+0-b2043.56-10550314)
# Java VM: OpenJDK 64-Bit Server VM (17.0.7+0-b2043.56-10550314, mixed mode, tiered, compressed oops, compressed class ptrs, g1 gc, windows-amd64)
GC Precious Log:
 CPUs: 2 total, 2 available
 Memory: 3919M
 Large Page Support: Disabled
 NUMA Support: Disabled
 Compressed Oops: Enabled (32-bit)
 Heap Region Size: 1M
 Heap Min Capacity: 8M
 Heap Initial Capacity: 62M
 Heap Max Capacity: 2G
 Pre-touch: Disabled
 Parallel Workers: 2
 Concurrent Workers: 1
 Concurrent Refinement Workers: 2
 Periodic GC: Disabled
Heap:
 garbage-first heap   total 160768K, used 103527K [0x0000000080000000, 0x0000000100000000)
  region size 1024K, 5 young (5120K), 5 survivors (5120K)
 Metaspace       used 98990K, committed 99776K, reserved 1179648K
  class space    used 13684K, committed 14080K, reserved 1048576K
GC Heap History (20 events):
Event: 39.983 GC heap after
{Heap after GC invocations=44 (full 0):
 garbage-first heap   total 151552K, used 82115K [0x0000000080000000, 0x0000000100000000)
  region size 1024K, 6 young (6144K), 6 survivors (6144K)
 Metaspace       used 78959K, committed 79616K, reserved 1179648K
  class space    used 10593K, committed 10880K, reserved 1048576K
}
Event: 41.116 GC heap before
{Heap before GC invocations=44 (full 0):
 garbage-first heap   total 151552K, used 112835K [0x0000000080000000, 0x0000000100000000)
  region size 1024K, 37 young (37888K), 6 survivors (6144K)
 Metaspace       used 81210K, committed 81792K, reserved 1179648K
  class space    used 10917K, committed 11200K, reserved 1048576K
}
Event: 41.136 GC heap after
{Heap after GC invocations=45 (full 0):
 garbage-first heap   total 151552K, used 84194K [0x0000000080000000, 0x0000000100000000)
  region size 1024K, 2 young (2048K), 2 survivors (2048K)
 Metaspace       used 81210K, committed 81792K, reserved 1179648K
  class space    used 10917K, committed 11200K, reserved 1048576K
}
Event: 42.945 GC heap before
{Heap before GC invocations=46 (full 0):
 garbage-first heap   total 151552K, used 123106K [0x0000000080000000, 0x0000000100000000)
  region size 1024K, 39 young (39936K), 2 survivors (2048K)
 Metaspace       used 84142K, committed 84800K, reserved 1179648K
  class space    used 11509K, committed 11776K, reserved 1048576K
}
Event: 42.955 GC heap after
{Heap after GC invocations=47 (full 0):
 garbage-first heap   total 151552K, used 84688K [0x0000000080000000, 0x0000000100000000)
  region size 1024K, 3 young (3072K), 3 survivors (3072K)
 Metaspace       used 84142K, committed 84800K, reserved 1179648K
  class space    used 11509K, committed 11776K, reserved 1048576K
}
Event: 43.083 GC heap before
{Heap before GC invocations=47 (full 0):
 garbage-first heap   total 151552K, used 87760K [0x0000000080000000, 0x0000000100000000)
  region size 1024K, 7 young (7168K), 3 survivors (3072K)
 Metaspace       used 84497K, committed 85120K, reserved 1179648K
  class space    used 11564K, committed 11840K, reserved 1048576K
}
Event: 43.099 GC heap after
{Heap after GC invocations=48 (full 0):
 garbage-first heap   total 151552K, used 84451K [0x0000000080000000, 0x0000000100000000)
  region size 1024K, 1 young (1024K), 1 survivors (1024K)
 Metaspace       used 84497K, committed 85120K, reserved 1179648K
  class space    used 11564K, committed 11840K, reserved 1048576K
}
Event: 44.578 GC heap before
{Heap before GC invocations=48 (full 0):
 garbage-first heap   total 151552K, used 124387K [0x0000000080000000, 0x0000000100000000)
  region size 1024K, 40 young (40960K), 1 survivors (1024K)
 Metaspace       used 87357K, committed 88000K, reserved 1179648K
  class space    used 11974K, committed 12288K, reserved 1048576K
}
Event: 44.588 GC heap after
{Heap after GC invocations=49 (full 0):
 garbage-first heap   total 151552K, used 86090K [0x0000000080000000, 0x0000000100000000)
  region size 1024K, 3 young (3072K), 3 survivors (3072K)
 Metaspace       used 87357K, committed 88000K, reserved 1179648K
  class space    used 11974K, committed 12288K, reserved 1048576K
}
Event: 47.173 GC heap before
{Heap before GC invocations=49 (full 0):
 garbage-first heap   total 151552K, used 125002K [0x0000000080000000, 0x0000000100000000)
  region size 1024K, 41 young (41984K), 3 survivors (3072K)
 Metaspace       used 90570K, committed 91264K, reserved 1179648K
  class space    used 12437K, committed 12800K, reserved 1048576K
}
Event: 47.191 GC heap after
{Heap after GC invocations=50 (full 0):
 garbage-first heap   total 151552K, used 88561K [0x0000000080000000, 0x0000000100000000)
  region size 1024K, 5 young (5120K), 5 survivors (5120K)
 Metaspace       used 90570K, committed 91264K, reserved 1179648K
  class space    used 12437K, committed 12800K, reserved 1048576K
}
Event: 48.557 GC heap before
{Heap before GC invocations=50 (full 0):
 garbage-first heap   total 151552K, used 126449K [0x0000000080000000, 0x0000000100000000)
  region size 1024K, 42 young (43008K), 5 survivors (5120K)
 Metaspace       used 94759K, committed 95488K, reserved 1179648K
  class space    used 13044K, committed 13440K, reserved 1048576K
}
Event: 48.587 GC heap after
{Heap after GC invocations=51 (full 0):
 garbage-first heap   total 151552K, used 90528K [0x0000000080000000, 0x0000000100000000)
  region size 1024K, 5 young (5120K), 5 survivors (5120K)
 Metaspace       used 94759K, committed 95488K, reserved 1179648K
  class space    used 13044K, committed 13440K, reserved 1048576K
}
Event: 50.124 GC heap before
{Heap before GC invocations=52 (full 0):
 garbage-first heap   total 160768K, used 126368K [0x0000000080000000, 0x0000000100000000)
  region size 1024K, 40 young (40960K), 5 survivors (5120K)
 Metaspace       used 96701K, committed 97472K, reserved 1179648K
  class space    used 13317K, committed 13696K, reserved 1048576K
}
Event: 50.147 GC heap after
{Heap after GC invocations=53 (full 0):
 garbage-first heap   total 160768K, used 93365K [0x0000000080000000, 0x0000000100000000)
  region size 1024K, 5 young (5120K), 5 survivors (5120K)
 Metaspace       used 96701K, committed 97472K, reserved 1179648K
  class space    used 13317K, committed 13696K, reserved 1048576K
}
Event: 50.197 GC heap before
{Heap before GC invocations=53 (full 0):
 garbage-first heap   total 160768K, used 95413K [0x0000000080000000, 0x0000000100000000)
  region size 1024K, 7 young (7168K), 5 survivors (5120K)
 Metaspace       used 96785K, committed 97536K, reserved 1179648K
  class space    used 13329K, committed 13696K, reserved 1048576K
}
Event: 50.224 GC heap after
{Heap after GC invocations=54 (full 0):
 garbage-first heap   total 160768K, used 93425K [0x0000000080000000, 0x0000000100000000)
  region size 1024K, 1 young (1024K), 1 survivors (1024K)
 Metaspace       used 96785K, committed 97536K, reserved 1179648K
  class space    used 13329K, committed 13696K, reserved 1048576K
}
Event: 51.192 GC heap before
{Heap before GC invocations=54 (full 0):
 garbage-first heap   total 160768K, used 134385K [0x0000000080000000, 0x0000000100000000)
  region size 1024K, 41 young (41984K), 1 survivors (1024K)
 Metaspace       used 97543K, committed 98304K, reserved 1179648K
  class space    used 13422K, committed 13824K, reserved 1048576K
}
Event: 51.212 GC heap after
{Heap after GC invocations=55 (full 0):
 garbage-first heap   total 160768K, used 98302K [0x0000000080000000, 0x0000000100000000)
  region size 1024K, 6 young (6144K), 6 survivors (6144K)
 Metaspace       used 97543K, committed 98304K, reserved 1179648K
  class space    used 13422K, committed 13824K, reserved 1048576K
}
Event: 53.211 GC heap before
{Heap before GC invocations=55 (full 0):
 garbage-first heap   total 160768K, used 133118K [0x0000000080000000, 0x0000000100000000)
  region size 1024K, 40 young (40960K), 6 survivors (6144K)
 Metaspace       used 98990K, committed 99776K, reserved 1179648K
  class space    used 13684K, committed 14080K, reserved 1048576K
}

