# JRE version: OpenJDK Runtime Environment (17.0.7) (build 17.0.7+0-b2043.56-10550314)
# Java VM: OpenJDK 64-Bit Server VM (17.0.7+0-b2043.56-10550314, mixed mode, tiered, compressed oops, compressed class ptrs, g1 gc, windows-amd64)
GC Precious Log:
 CPUs: 2 total, 2 available
 Memory: 3919M
 Large Page Support: Disabled
 NUMA Support: Disabled
 Compressed Oops: Enabled (32-bit)
 Heap Region Size: 1M
 Heap Min Capacity: 8M
 Heap Initial Capacity: 62M
 Heap Max Capacity: 2G
 Pre-touch: Disabled
 Parallel Workers: 2
 Concurrent Workers: 1
 Concurrent Refinement Workers: 2
 Periodic GC: Disabled
Heap:
 garbage-first heap   total 480256K, used 312320K [0x0000000080000000, 0x0000000100000000)
  region size 1024K, 3 young (3072K), 3 survivors (3072K)
 Metaspace       used 114995K, committed 115840K, reserved 1179648K
  class space    used 15836K, committed 16256K, reserved 1048576K
GC Heap History (20 events):
Event: 77.632 GC heap after
{Heap after GC invocations=50 (full 0):
 garbage-first heap   total 266240K, used 171867K [0x0000000080000000, 0x0000000100000000)
  region size 1024K, 5 young (5120K), 5 survivors (5120K)
 Metaspace       used 111939K, committed 112832K, reserved 1179648K
  class space    used 15255K, committed 15680K, reserved 1048576K
}
Event: 77.647 GC heap before
{Heap before GC invocations=50 (full 0):
 garbage-first heap   total 266240K, used 186203K [0x0000000080000000, 0x0000000100000000)
  region size 1024K, 13 young (13312K), 5 survivors (5120K)
 Metaspace       used 111941K, committed 112832K, reserved 1179648K
  class space    used 15255K, committed 15680K, reserved 1048576K
}
Event: 77.661 GC heap after
{Heap after GC invocations=51 (full 0):
 garbage-first heap   total 266240K, used 175918K [0x0000000080000000, 0x0000000100000000)
  region size 1024K, 2 young (2048K), 2 survivors (2048K)
 Metaspace       used 111941K, committed 112832K, reserved 1179648K
  class space    used 15255K, committed 15680K, reserved 1048576K
}
Event: 79.357 GC heap before
{Heap before GC invocations=51 (full 0):
 garbage-first heap   total 266240K, used 237358K [0x0000000080000000, 0x0000000100000000)
  region size 1024K, 40 young (40960K), 2 survivors (2048K)
 Metaspace       used 112251K, committed 113152K, reserved 1179648K
  class space    used 15300K, committed 15744K, reserved 1048576K
}
Event: 79.425 GC heap after
{Heap after GC invocations=52 (full 0):
 garbage-first heap   total 266240K, used 199104K [0x0000000080000000, 0x0000000100000000)
  region size 1024K, 5 young (5120K), 5 survivors (5120K)
 Metaspace       used 112251K, committed 113152K, reserved 1179648K
  class space    used 15300K, committed 15744K, reserved 1048576K
}
Event: 80.197 GC heap before
{Heap before GC invocations=52 (full 0):
 garbage-first heap   total 266240K, used 220608K [0x0000000080000000, 0x0000000100000000)
  region size 1024K, 25 young (25600K), 5 survivors (5120K)
 Metaspace       used 112251K, committed 113152K, reserved 1179648K
  class space    used 15300K, committed 15744K, reserved 1048576K
}
Event: 80.249 GC heap after
{Heap after GC invocations=53 (full 0):
 garbage-first heap   total 266240K, used 209664K [0x0000000080000000, 0x0000000100000000)
  region size 1024K, 4 young (4096K), 4 survivors (4096K)
 Metaspace       used 112251K, committed 113152K, reserved 1179648K
  class space    used 15300K, committed 15744K, reserved 1048576K
}
Event: 80.598 GC heap before
{Heap before GC invocations=53 (full 0):
 garbage-first heap   total 266240K, used 224000K [0x0000000080000000, 0x0000000100000000)
  region size 1024K, 18 young (18432K), 4 survivors (4096K)
 Metaspace       used 112251K, committed 113152K, reserved 1179648K
  class space    used 15300K, committed 15744K, reserved 1048576K
}
Event: 80.651 GC heap after
{Heap after GC invocations=54 (full 0):
 garbage-first heap   total 266240K, used 215040K [0x0000000080000000, 0x0000000100000000)
  region size 1024K, 3 young (3072K), 3 survivors (3072K)
 Metaspace       used 112251K, committed 113152K, reserved 1179648K
  class space    used 15300K, committed 15744K, reserved 1048576K
}
Event: 81.070 GC heap before
{Heap before GC invocations=54 (full 0):
 garbage-first heap   total 266240K, used 229376K [0x0000000080000000, 0x0000000100000000)
  region size 1024K, 15 young (15360K), 3 survivors (3072K)
 Metaspace       used 112251K, committed 113152K, reserved 1179648K
  class space    used 15300K, committed 15744K, reserved 1048576K
}
Event: 81.113 GC heap after
{Heap after GC invocations=55 (full 0):
 garbage-first heap   total 266240K, used 222208K [0x0000000080000000, 0x0000000100000000)
  region size 1024K, 2 young (2048K), 2 survivors (2048K)
 Metaspace       used 112251K, committed 113152K, reserved 1179648K
  class space    used 15300K, committed 15744K, reserved 1048576K
}
Event: 81.230 GC heap before
{Heap before GC invocations=55 (full 0):
 garbage-first heap   total 266240K, used 234496K [0x0000000080000000, 0x0000000100000000)
  region size 1024K, 13 young (13312K), 2 survivors (2048K)
 Metaspace       used 112251K, committed 113152K, reserved 1179648K
  class space    used 15300K, committed 15744K, reserved 1048576K
}
Event: 81.280 GC heap after
{Heap after GC invocations=56 (full 0):
 garbage-first heap   total 480256K, used 229376K [0x0000000080000000, 0x0000000100000000)
  region size 1024K, 2 young (2048K), 2 survivors (2048K)
 Metaspace       used 112251K, committed 113152K, reserved 1179648K
  class space    used 15300K, committed 15744K, reserved 1048576K
}
Event: 84.607 GC heap before
{Heap before GC invocations=56 (full 0):
 garbage-first heap   total 480256K, used 310272K [0x0000000080000000, 0x0000000100000000)
  region size 1024K, 81 young (82944K), 2 survivors (2048K)
 Metaspace       used 114918K, committed 115776K, reserved 1179648K
  class space    used 15824K, committed 16256K, reserved 1048576K
}
Event: 84.785 GC heap after
{Heap after GC invocations=57 (full 0):
 garbage-first heap   total 480256K, used 263164K [0x0000000080000000, 0x0000000100000000)
  region size 1024K, 11 young (11264K), 11 survivors (11264K)
 Metaspace       used 114918K, committed 115776K, reserved 1179648K
  class space    used 15824K, committed 16256K, reserved 1048576K
}
Event: 85.097 GC heap before
{Heap before GC invocations=57 (full 0):
 garbage-first heap   total 480256K, used 285692K [0x0000000080000000, 0x0000000100000000)
  region size 1024K, 33 young (33792K), 11 survivors (11264K)
 Metaspace       used 114919K, committed 115776K, reserved 1179648K
  class space    used 15824K, committed 16256K, reserved 1048576K
}
Event: 85.187 GC heap after
{Heap after GC invocations=58 (full 0):
 garbage-first heap   total 480256K, used 274432K [0x0000000080000000, 0x0000000100000000)
  region size 1024K, 5 young (5120K), 5 survivors (5120K)
 Metaspace       used 114919K, committed 115776K, reserved 1179648K
  class space    used 15824K, committed 16256K, reserved 1048576K
}
Event: 86.832 GC heap before
{Heap before GC invocations=58 (full 0):
 garbage-first heap   total 480256K, used 336896K [0x0000000080000000, 0x0000000100000000)
  region size 1024K, 66 young (67584K), 5 survivors (5120K)
 Metaspace       used 114994K, committed 115840K, reserved 1179648K
  class space    used 15836K, committed 16256K, reserved 1048576K
}
Event: 87.071 GC heap after
{Heap after GC invocations=59 (full 0):
 garbage-first heap   total 480256K, used 304640K [0x0000000080000000, 0x0000000100000000)
  region size 1024K, 9 young (9216K), 9 survivors (9216K)
 Metaspace       used 114994K, committed 115840K, reserved 1179648K
  class space    used 15836K, committed 16256K, reserved 1048576K
}
Event: 87.533 GC heap before
{Heap before GC invocations=59 (full 0):
 garbage-first heap   total 480256K, used 318976K [0x0000000080000000, 0x0000000100000000)
  region size 1024K, 23 young (23552K), 9 survivors (9216K)
 Metaspace       used 114995K, committed 115840K, reserved 1179648K
  class space    used 15836K, committed 16256K, reserved 1048576K
}

