# JRE version: OpenJDK Runtime Environment (17.0.7) (build 17.0.7+0-b2043.56-10550314)
# Java VM: OpenJDK 64-Bit Server VM (17.0.7+0-b2043.56-10550314, mixed mode, tiered, compressed oops, compressed class ptrs, g1 gc, windows-amd64)
GC Precious Log:
 CPUs: 2 total, 2 available
 Memory: 3919M
 Large Page Support: Disabled
 NUMA Support: Disabled
 Compressed Oops: Enabled (32-bit)
 Heap Region Size: 1M
 Heap Min Capacity: 8M
 Heap Initial Capacity: 62M
 Heap Max Capacity: 2G
 Pre-touch: Disabled
 Parallel Workers: 2
 Concurrent Workers: 1
 Concurrent Refinement Workers: 2
 Periodic GC: Disabled
Heap:
 garbage-first heap   total 249856K, used 198643K [0x0000000080000000, 0x0000000100000000)
  region size 1024K, 50 young (51200K), 3 survivors (3072K)
 Metaspace       used 126397K, committed 127232K, reserved 1179648K
  class space    used 16790K, committed 17216K, reserved 1048576K
GC Heap History (20 events):
Event: 64.244 GC heap before
{Heap before GC invocations=47 (full 0):
 garbage-first heap   total 249856K, used 152280K [0x0000000080000000, 0x0000000100000000)
  region size 1024K, 12 young (12288K), 5 survivors (5120K)
 Metaspace       used 113947K, committed 114752K, reserved 1179648K
  class space    used 15381K, committed 15808K, reserved 1048576K
}
Event: 64.271 GC heap after
{Heap after GC invocations=48 (full 0):
 garbage-first heap   total 249856K, used 145792K [0x0000000080000000, 0x0000000100000000)
  region size 1024K, 2 young (2048K), 2 survivors (2048K)
 Metaspace       used 113947K, committed 114752K, reserved 1179648K
  class space    used 15381K, committed 15808K, reserved 1048576K
}
Event: 65.692 GC heap before
{Heap before GC invocations=48 (full 0):
 garbage-first heap   total 249856K, used 199040K [0x0000000080000000, 0x0000000100000000)
  region size 1024K, 54 young (55296K), 2 survivors (2048K)
 Metaspace       used 116741K, committed 117568K, reserved 1179648K
  class space    used 15632K, committed 16064K, reserved 1048576K
}
Event: 65.717 GC heap after
{Heap after GC invocations=49 (full 0):
 garbage-first heap   total 249856K, used 152998K [0x0000000080000000, 0x0000000100000000)
  region size 1024K, 7 young (7168K), 7 survivors (7168K)
 Metaspace       used 116741K, committed 117568K, reserved 1179648K
  class space    used 15632K, committed 16064K, reserved 1048576K
}
Event: 69.931 GC heap before
{Heap before GC invocations=50 (full 0):
 garbage-first heap   total 249856K, used 189862K [0x0000000080000000, 0x0000000100000000)
  region size 1024K, 55 young (56320K), 7 survivors (7168K)
 Metaspace       used 118386K, committed 119168K, reserved 1179648K
  class space    used 15797K, committed 16192K, reserved 1048576K
}
Event: 69.962 GC heap after
{Heap after GC invocations=51 (full 0):
 garbage-first heap   total 249856K, used 142403K [0x0000000080000000, 0x0000000100000000)
  region size 1024K, 3 young (3072K), 3 survivors (3072K)
 Metaspace       used 118386K, committed 119168K, reserved 1179648K
  class space    used 15797K, committed 16192K, reserved 1048576K
}
Event: 70.789 GC heap before
{Heap before GC invocations=51 (full 0):
 garbage-first heap   total 249856K, used 150595K [0x0000000080000000, 0x0000000100000000)
  region size 1024K, 12 young (12288K), 3 survivors (3072K)
 Metaspace       used 118397K, committed 119168K, reserved 1179648K
  class space    used 15797K, committed 16192K, reserved 1048576K
}
Event: 70.804 GC heap after
{Heap after GC invocations=52 (full 0):
 garbage-first heap   total 249856K, used 133433K [0x0000000080000000, 0x0000000100000000)
  region size 1024K, 2 young (2048K), 2 survivors (2048K)
 Metaspace       used 118397K, committed 119168K, reserved 1179648K
  class space    used 15797K, committed 16192K, reserved 1048576K
}
Event: 74.720 GC heap before
{Heap before GC invocations=52 (full 0):
 garbage-first heap   total 249856K, used 197945K [0x0000000080000000, 0x0000000100000000)
  region size 1024K, 66 young (67584K), 2 survivors (2048K)
 Metaspace       used 119657K, committed 120448K, reserved 1179648K
  class space    used 15948K, committed 16320K, reserved 1048576K
}
Event: 74.744 GC heap after
{Heap after GC invocations=53 (full 0):
 garbage-first heap   total 249856K, used 138864K [0x0000000080000000, 0x0000000100000000)
  region size 1024K, 7 young (7168K), 7 survivors (7168K)
 Metaspace       used 119657K, committed 120448K, reserved 1179648K
  class space    used 15948K, committed 16320K, reserved 1048576K
}
Event: 79.082 GC heap before
{Heap before GC invocations=53 (full 0):
 garbage-first heap   total 249856K, used 200304K [0x0000000080000000, 0x0000000100000000)
  region size 1024K, 68 young (69632K), 7 survivors (7168K)
 Metaspace       used 120603K, committed 121408K, reserved 1179648K
  class space    used 16049K, committed 16448K, reserved 1048576K
}
Event: 79.115 GC heap after
{Heap after GC invocations=54 (full 0):
 garbage-first heap   total 249856K, used 144814K [0x0000000080000000, 0x0000000100000000)
  region size 1024K, 7 young (7168K), 7 survivors (7168K)
 Metaspace       used 120603K, committed 121408K, reserved 1179648K
  class space    used 16049K, committed 16448K, reserved 1048576K
}
Event: 82.402 GC heap before
{Heap before GC invocations=54 (full 0):
 garbage-first heap   total 249856K, used 202158K [0x0000000080000000, 0x0000000100000000)
  region size 1024K, 64 young (65536K), 7 survivors (7168K)
 Metaspace       used 120854K, committed 121728K, reserved 1179648K
  class space    used 16082K, committed 16512K, reserved 1048576K
}
Event: 82.429 GC heap after
{Heap after GC invocations=55 (full 0):
 garbage-first heap   total 249856K, used 147968K [0x0000000080000000, 0x0000000100000000)
  region size 1024K, 5 young (5120K), 5 survivors (5120K)
 Metaspace       used 120854K, committed 121728K, reserved 1179648K
  class space    used 16082K, committed 16512K, reserved 1048576K
}
Event: 88.107 GC heap before
{Heap before GC invocations=55 (full 0):
 garbage-first heap   total 249856K, used 204288K [0x0000000080000000, 0x0000000100000000)
  region size 1024K, 61 young (62464K), 5 survivors (5120K)
 Metaspace       used 121203K, committed 121984K, reserved 1179648K
  class space    used 16106K, committed 16512K, reserved 1048576K
}
Event: 88.133 GC heap after
{Heap after GC invocations=56 (full 0):
 garbage-first heap   total 249856K, used 153061K [0x0000000080000000, 0x0000000100000000)
  region size 1024K, 6 young (6144K), 6 survivors (6144K)
 Metaspace       used 121203K, committed 121984K, reserved 1179648K
  class space    used 16106K, committed 16512K, reserved 1048576K
}
Event: 90.692 GC heap before
{Heap before GC invocations=56 (full 0):
 garbage-first heap   total 249856K, used 206309K [0x0000000080000000, 0x0000000100000000)
  region size 1024K, 59 young (60416K), 6 survivors (6144K)
 Metaspace       used 122244K, committed 123072K, reserved 1179648K
  class space    used 16222K, committed 16640K, reserved 1048576K
}
Event: 90.713 GC heap after
{Heap after GC invocations=57 (full 0):
 garbage-first heap   total 249856K, used 152562K [0x0000000080000000, 0x0000000100000000)
  region size 1024K, 3 young (3072K), 3 survivors (3072K)
 Metaspace       used 122244K, committed 123072K, reserved 1179648K
  class space    used 16222K, committed 16640K, reserved 1048576K
}
Event: 91.331 GC heap before
{Heap before GC invocations=57 (full 0):
 garbage-first heap   total 249856K, used 207858K [0x0000000080000000, 0x0000000100000000)
  region size 1024K, 58 young (59392K), 3 survivors (3072K)
 Metaspace       used 122462K, committed 123328K, reserved 1179648K
  class space    used 16239K, committed 16640K, reserved 1048576K
}
Event: 91.345 GC heap after
{Heap after GC invocations=58 (full 0):
 garbage-first heap   total 249856K, used 152563K [0x0000000080000000, 0x0000000100000000)
  region size 1024K, 3 young (3072K), 3 survivors (3072K)
 Metaspace       used 122462K, committed 123328K, reserved 1179648K
  class space    used 16239K, committed 16640K, reserved 1048576K
}

