# JRE version: OpenJDK Runtime Environment (17.0.7) (build 17.0.7+0-b2043.56-10550314)
# Java VM: OpenJDK 64-Bit Server VM (17.0.7+0-b2043.56-10550314, mixed mode, tiered, compressed oops, compressed class ptrs, g1 gc, windows-amd64)
GC Precious Log:
 CPUs: 2 total, 2 available
 Memory: 3919M
 Large Page Support: Disabled
 NUMA Support: Disabled
 Compressed Oops: Enabled (32-bit)
 Heap Region Size: 1M
 Heap Min Capacity: 8M
 Heap Initial Capacity: 62M
 Heap Max Capacity: 2G
 Pre-touch: Disabled
 Parallel Workers: 2
 Concurrent Workers: 1
 Concurrent Refinement Workers: 2
 Periodic GC: Disabled
Heap:
 garbage-first heap   total 234496K, used 151514K [0x0000000080000000, 0x0000000100000000)
  region size 1024K, 22 young (22528K), 8 survivors (8192K)
 Metaspace       used 111263K, committed 112064K, reserved 1179648K
  class space    used 15191K, committed 15552K, reserved 1048576K
GC Heap History (20 events):
Event: 46.951 GC heap before
{Heap before GC invocations=57 (full 0):
 garbage-first heap   total 152576K, used 125293K [0x0000000080000000, 0x0000000100000000)
  region size 1024K, 43 young (44032K), 4 survivors (4096K)
 Metaspace       used 89867K, committed 90560K, reserved 1179648K
  class space    used 12328K, committed 12672K, reserved 1048576K
}
Event: 46.969 GC heap after
{Heap after GC invocations=58 (full 0):
 garbage-first heap   total 152576K, used 87562K [0x0000000080000000, 0x0000000100000000)
  region size 1024K, 5 young (5120K), 5 survivors (5120K)
 Metaspace       used 89867K, committed 90560K, reserved 1179648K
  class space    used 12328K, committed 12672K, reserved 1048576K
}
Event: 48.258 GC heap before
{Heap before GC invocations=58 (full 0):
 garbage-first heap   total 152576K, used 125450K [0x0000000080000000, 0x0000000100000000)
  region size 1024K, 42 young (43008K), 5 survivors (5120K)
 Metaspace       used 92972K, committed 93696K, reserved 1179648K
  class space    used 12836K, committed 13184K, reserved 1048576K
}
Event: 48.276 GC heap after
{Heap after GC invocations=59 (full 0):
 garbage-first heap   total 152576K, used 89586K [0x0000000080000000, 0x0000000100000000)
  region size 1024K, 5 young (5120K), 5 survivors (5120K)
 Metaspace       used 92972K, committed 93696K, reserved 1179648K
  class space    used 12836K, committed 13184K, reserved 1048576K
}
Event: 50.976 GC heap before
{Heap before GC invocations=59 (full 0):
 garbage-first heap   total 152576K, used 126450K [0x0000000080000000, 0x0000000100000000)
  region size 1024K, 41 young (41984K), 5 survivors (5120K)
 Metaspace       used 96227K, committed 96960K, reserved 1179648K
  class space    used 13238K, committed 13568K, reserved 1048576K
}
Event: 50.998 GC heap after
{Heap after GC invocations=60 (full 0):
 garbage-first heap   total 234496K, used 92150K [0x0000000080000000, 0x0000000100000000)
  region size 1024K, 5 young (5120K), 5 survivors (5120K)
 Metaspace       used 96227K, committed 96960K, reserved 1179648K
  class space    used 13238K, committed 13568K, reserved 1048576K
}
Event: 55.485 GC heap before
{Heap before GC invocations=60 (full 0):
 garbage-first heap   total 234496K, used 189430K [0x0000000080000000, 0x0000000100000000)
  region size 1024K, 100 young (102400K), 5 survivors (5120K)
 Metaspace       used 99329K, committed 100096K, reserved 1179648K
  class space    used 13707K, committed 14080K, reserved 1048576K
}
Event: 55.578 GC heap after
{Heap after GC invocations=61 (full 0):
 garbage-first heap   total 234496K, used 104874K [0x0000000080000000, 0x0000000100000000)
  region size 1024K, 13 young (13312K), 13 survivors (13312K)
 Metaspace       used 99329K, committed 100096K, reserved 1179648K
  class space    used 13707K, committed 14080K, reserved 1048576K
}
Event: 60.971 GC heap before
{Heap before GC invocations=61 (full 0):
 garbage-first heap   total 234496K, used 176554K [0x0000000080000000, 0x0000000100000000)
  region size 1024K, 84 young (86016K), 13 survivors (13312K)
 Metaspace       used 100007K, committed 100736K, reserved 1179648K
  class space    used 13772K, committed 14144K, reserved 1048576K
}
Event: 61.035 GC heap after
{Heap after GC invocations=62 (full 0):
 garbage-first heap   total 234496K, used 112294K [0x0000000080000000, 0x0000000100000000)
  region size 1024K, 7 young (7168K), 7 survivors (7168K)
 Metaspace       used 100007K, committed 100736K, reserved 1179648K
  class space    used 13772K, committed 14144K, reserved 1048576K
}
Event: 63.956 GC heap before
{Heap before GC invocations=62 (full 0):
 garbage-first heap   total 234496K, used 181926K [0x0000000080000000, 0x0000000100000000)
  region size 1024K, 76 young (77824K), 7 survivors (7168K)
 Metaspace       used 100560K, committed 101376K, reserved 1179648K
  class space    used 13813K, committed 14208K, reserved 1048576K
}
Event: 63.993 GC heap after
{Heap after GC invocations=63 (full 0):
 garbage-first heap   total 234496K, used 117760K [0x0000000080000000, 0x0000000100000000)
  region size 1024K, 7 young (7168K), 7 survivors (7168K)
 Metaspace       used 100560K, committed 101376K, reserved 1179648K
  class space    used 13813K, committed 14208K, reserved 1048576K
}
Event: 66.269 GC heap before
{Heap before GC invocations=63 (full 0):
 garbage-first heap   total 234496K, used 186368K [0x0000000080000000, 0x0000000100000000)
  region size 1024K, 75 young (76800K), 7 survivors (7168K)
 Metaspace       used 100807K, committed 101568K, reserved 1179648K
  class space    used 13848K, committed 14208K, reserved 1048576K
}
Event: 66.302 GC heap after
{Heap after GC invocations=64 (full 0):
 garbage-first heap   total 234496K, used 122880K [0x0000000080000000, 0x0000000100000000)
  region size 1024K, 7 young (7168K), 7 survivors (7168K)
 Metaspace       used 100807K, committed 101568K, reserved 1179648K
  class space    used 13848K, committed 14208K, reserved 1048576K
}
Event: 69.839 GC heap before
{Heap before GC invocations=64 (full 0):
 garbage-first heap   total 234496K, used 190464K [0x0000000080000000, 0x0000000100000000)
  region size 1024K, 73 young (74752K), 7 survivors (7168K)
 Metaspace       used 100889K, committed 101696K, reserved 1179648K
  class space    used 13854K, committed 14272K, reserved 1048576K
}
Event: 69.870 GC heap after
{Heap after GC invocations=65 (full 0):
 garbage-first heap   total 234496K, used 126427K [0x0000000080000000, 0x0000000100000000)
  region size 1024K, 6 young (6144K), 6 survivors (6144K)
 Metaspace       used 100889K, committed 101696K, reserved 1179648K
  class space    used 13854K, committed 14272K, reserved 1048576K
}
Event: 71.929 GC heap before
{Heap before GC invocations=65 (full 0):
 garbage-first heap   total 234496K, used 199131K [0x0000000080000000, 0x0000000100000000)
  region size 1024K, 71 young (72704K), 6 survivors (6144K)
 Metaspace       used 103130K, committed 103936K, reserved 1179648K
  class space    used 14112K, committed 14528K, reserved 1048576K
}
Event: 71.960 GC heap after
{Heap after GC invocations=66 (full 0):
 garbage-first heap   total 234496K, used 130427K [0x0000000080000000, 0x0000000100000000)
  region size 1024K, 6 young (6144K), 6 survivors (6144K)
 Metaspace       used 103130K, committed 103936K, reserved 1179648K
  class space    used 14112K, committed 14528K, reserved 1048576K
}
Event: 74.373 GC heap before
{Heap before GC invocations=66 (full 0):
 garbage-first heap   total 234496K, used 192891K [0x0000000080000000, 0x0000000100000000)
  region size 1024K, 68 young (69632K), 6 survivors (6144K)
 Metaspace       used 109571K, committed 110400K, reserved 1179648K
  class space    used 14954K, committed 15360K, reserved 1048576K
}
Event: 74.419 GC heap after
{Heap after GC invocations=67 (full 0):
 garbage-first heap   total 234496K, used 138202K [0x0000000080000000, 0x0000000100000000)
  region size 1024K, 8 young (8192K), 8 survivors (8192K)
 Metaspace       used 109571K, committed 110400K, reserved 1179648K
  class space    used 14954K, committed 15360K, reserved 1048576K
}

