# JRE version: OpenJDK Runtime Environment (17.0.7) (build 17.0.7+0-b2043.56-10550314)
# Java VM: OpenJDK 64-Bit Server VM (17.0.7+0-b2043.56-10550314, mixed mode, tiered, compressed oops, compressed class ptrs, g1 gc, windows-amd64)
GC Precious Log:
 CPUs: 2 total, 2 available
 Memory: 3919M
 Large Page Support: Disabled
 NUMA Support: Disabled
 Compressed Oops: Enabled (32-bit)
 Heap Region Size: 1M
 Heap Min Capacity: 8M
 Heap Initial Capacity: 62M
 Heap Max Capacity: 980M
 Pre-touch: Disabled
 Parallel Workers: 2
 Concurrent Workers: 1
 Concurrent Refinement Workers: 2
 Periodic GC: Disabled
Heap:
 garbage-first heap   total 71680K, used 38350K [0x00000000c2c00000, 0x0000000100000000)
  region size 1024K, 13 young (13312K), 1 survivors (1024K)
 Metaspace       used 44181K, committed 44416K, reserved 1114112K
  class space    used 5276K, committed 5376K, reserved 1048576K
GC Heap History (20 events):
Event: 1.414 GC heap before
{Heap before GC invocations=2 (full 0):
 garbage-first heap   total 63488K, used 17522K [0x00000000c2c00000, 0x0000000100000000)
  region size 1024K, 13 young (13312K), 1 survivors (1024K)
 Metaspace       used 14568K, committed 14720K, reserved 1114112K
  class space    used 1441K, committed 1536K, reserved 1048576K
}
Event: 1.418 GC heap after
{Heap after GC invocations=3 (full 0):
 garbage-first heap   total 63488K, used 6904K [0x00000000c2c00000, 0x0000000100000000)
  region size 1024K, 2 young (2048K), 2 survivors (2048K)
 Metaspace       used 14568K, committed 14720K, reserved 1114112K
  class space    used 1441K, committed 1536K, reserved 1048576K
}
Event: 2.154 GC heap before
{Heap before GC invocations=3 (full 0):
 garbage-first heap   total 63488K, used 26360K [0x00000000c2c00000, 0x0000000100000000)
  region size 1024K, 22 young (22528K), 2 survivors (2048K)
 Metaspace       used 21309K, committed 21504K, reserved 1114112K
  class space    used 2395K, committed 2496K, reserved 1048576K
}
Event: 2.161 GC heap after
{Heap after GC invocations=4 (full 0):
 garbage-first heap   total 63488K, used 7841K [0x00000000c2c00000, 0x0000000100000000)
  region size 1024K, 3 young (3072K), 3 survivors (3072K)
 Metaspace       used 21309K, committed 21504K, reserved 1114112K
  class space    used 2395K, committed 2496K, reserved 1048576K
}
Event: 2.757 GC heap before
{Heap before GC invocations=5 (full 0):
 garbage-first heap   total 34816K, used 27297K [0x00000000c2c00000, 0x0000000100000000)
  region size 1024K, 20 young (20480K), 3 survivors (3072K)
 Metaspace       used 22937K, committed 23168K, reserved 1114112K
  class space    used 2776K, committed 2880K, reserved 1048576K
}
Event: 2.778 GC heap after
{Heap after GC invocations=6 (full 0):
 garbage-first heap   total 34816K, used 13600K [0x00000000c2c00000, 0x0000000100000000)
  region size 1024K, 3 young (3072K), 3 survivors (3072K)
 Metaspace       used 22937K, committed 23168K, reserved 1114112K
  class space    used 2776K, committed 2880K, reserved 1048576K
}
Event: 2.789 GC heap before
{Heap before GC invocations=6 (full 0):
 garbage-first heap   total 34816K, used 14624K [0x00000000c2c00000, 0x0000000100000000)
  region size 1024K, 4 young (4096K), 3 survivors (3072K)
 Metaspace       used 22937K, committed 23168K, reserved 1114112K
  class space    used 2776K, committed 2880K, reserved 1048576K
}
Event: 2.799 GC heap after
{Heap after GC invocations=7 (full 0):
 garbage-first heap   total 34816K, used 14403K [0x00000000c2c00000, 0x0000000100000000)
  region size 1024K, 1 young (1024K), 1 survivors (1024K)
 Metaspace       used 22937K, committed 23168K, reserved 1114112K
  class space    used 2776K, committed 2880K, reserved 1048576K
}
Event: 3.198 GC heap before
{Heap before GC invocations=7 (full 0):
 garbage-first heap   total 34816K, used 22595K [0x00000000c2c00000, 0x0000000100000000)
  region size 1024K, 10 young (10240K), 1 survivors (1024K)
 Metaspace       used 24668K, committed 24896K, reserved 1114112K
  class space    used 3179K, committed 3264K, reserved 1048576K
}
Event: 3.207 GC heap after
{Heap after GC invocations=8 (full 0):
 garbage-first heap   total 34816K, used 16384K [0x00000000c2c00000, 0x0000000100000000)
  region size 1024K, 2 young (2048K), 2 survivors (2048K)
 Metaspace       used 24668K, committed 24896K, reserved 1114112K
  class space    used 3179K, committed 3264K, reserved 1048576K
}
Event: 3.602 GC heap before
{Heap before GC invocations=8 (full 0):
 garbage-first heap   total 34816K, used 23552K [0x00000000c2c00000, 0x0000000100000000)
  region size 1024K, 10 young (10240K), 2 survivors (2048K)
 Metaspace       used 27382K, committed 27584K, reserved 1114112K
  class space    used 3490K, committed 3584K, reserved 1048576K
}
Event: 3.613 GC heap after
{Heap after GC invocations=9 (full 0):
 garbage-first heap   total 71680K, used 17045K [0x00000000c2c00000, 0x0000000100000000)
  region size 1024K, 1 young (1024K), 1 survivors (1024K)
 Metaspace       used 27382K, committed 27584K, reserved 1114112K
  class space    used 3490K, committed 3584K, reserved 1048576K
}
Event: 5.109 GC heap before
{Heap before GC invocations=9 (full 0):
 garbage-first heap   total 71680K, used 50837K [0x00000000c2c00000, 0x0000000100000000)
  region size 1024K, 34 young (34816K), 1 survivors (1024K)
 Metaspace       used 34108K, committed 34304K, reserved 1114112K
  class space    used 4125K, committed 4224K, reserved 1048576K
}
Event: 5.126 GC heap after
{Heap after GC invocations=10 (full 0):
 garbage-first heap   total 71680K, used 18858K [0x00000000c2c00000, 0x0000000100000000)
  region size 1024K, 5 young (5120K), 5 survivors (5120K)
 Metaspace       used 34108K, committed 34304K, reserved 1114112K
  class space    used 4125K, committed 4224K, reserved 1048576K
}
Event: 5.521 GC heap before
{Heap before GC invocations=10 (full 0):
 garbage-first heap   total 71680K, used 28074K [0x00000000c2c00000, 0x0000000100000000)
  region size 1024K, 15 young (15360K), 5 survivors (5120K)
 Metaspace       used 35830K, committed 35968K, reserved 1114112K
  class space    used 4322K, committed 4416K, reserved 1048576K
}
Event: 5.533 GC heap after
{Heap after GC invocations=11 (full 0):
 garbage-first heap   total 71680K, used 19456K [0x00000000c2c00000, 0x0000000100000000)
  region size 1024K, 1 young (1024K), 1 survivors (1024K)
 Metaspace       used 35830K, committed 35968K, reserved 1114112K
  class space    used 4322K, committed 4416K, reserved 1048576K
}
Event: 7.216 GC heap before
{Heap before GC invocations=12 (full 0):
 garbage-first heap   total 71680K, used 54272K [0x00000000c2c00000, 0x0000000100000000)
  region size 1024K, 32 young (32768K), 1 survivors (1024K)
 Metaspace       used 42163K, committed 42432K, reserved 1114112K
  class space    used 5051K, committed 5184K, reserved 1048576K
}
Event: 7.228 GC heap after
{Heap after GC invocations=13 (full 0):
 garbage-first heap   total 71680K, used 25896K [0x00000000c2c00000, 0x0000000100000000)
  region size 1024K, 4 young (4096K), 4 survivors (4096K)
 Metaspace       used 42163K, committed 42432K, reserved 1114112K
  class space    used 5051K, committed 5184K, reserved 1048576K
}
Event: 7.594 GC heap before
{Heap before GC invocations=13 (full 0):
 garbage-first heap   total 71680K, used 53544K [0x00000000c2c00000, 0x0000000100000000)
  region size 1024K, 31 young (31744K), 4 survivors (4096K)
 Metaspace       used 42494K, committed 42688K, reserved 1114112K
  class space    used 5080K, committed 5184K, reserved 1048576K
}
Event: 7.604 GC heap after
{Heap after GC invocations=14 (full 0):
 garbage-first heap   total 71680K, used 27086K [0x00000000c2c00000, 0x0000000100000000)
  region size 1024K, 1 young (1024K), 1 survivors (1024K)
 Metaspace       used 42494K, committed 42688K, reserved 1114112K
  class space    used 5080K, committed 5184K, reserved 1048576K
}

