# JRE version: OpenJDK Runtime Environment (17.0.7) (build 17.0.7+0-b2043.56-10550314)
# Java VM: OpenJDK 64-Bit Server VM (17.0.7+0-b2043.56-10550314, mixed mode, tiered, compressed oops, compressed class ptrs, g1 gc, windows-amd64)
GC Precious Log:
 CPUs: 2 total, 2 available
 Memory: 3919M
 Large Page Support: Disabled
 NUMA Support: Disabled
 Compressed Oops: Enabled (32-bit)
 Heap Region Size: 1M
 Heap Min Capacity: 8M
 Heap Initial Capacity: 62M
 Heap Max Capacity: 2G
 Pre-touch: Disabled
 Parallel Workers: 2
 Concurrent Workers: 1
 Concurrent Refinement Workers: 2
 Periodic GC: Disabled
Heap:
 garbage-first heap   total 253952K, used 167195K [0x0000000080000000, 0x0000000100000000)
  region size 1024K, 2 young (2048K), 2 survivors (2048K)
 Metaspace       used 130734K, committed 131648K, reserved 1179648K
  class space    used 17661K, committed 18112K, reserved 1048576K
GC Heap History (20 events):
Event: 65.395 GC heap after
{Heap after GC invocations=52 (full 0):
 garbage-first heap   total 253952K, used 123043K [0x0000000080000000, 0x0000000100000000)
  region size 1024K, 7 young (7168K), 7 survivors (7168K)
 Metaspace       used 100755K, committed 101504K, reserved 1179648K
  class space    used 13847K, committed 14208K, reserved 1048576K
}
Event: 70.330 GC heap before
{Heap before GC invocations=52 (full 0):
 garbage-first heap   total 253952K, used 202915K [0x0000000080000000, 0x0000000100000000)
  region size 1024K, 86 young (88064K), 7 survivors (7168K)
 Metaspace       used 104359K, committed 105152K, reserved 1179648K
  class space    used 14334K, committed 14720K, reserved 1048576K
}
Event: 70.362 GC heap after
{Heap after GC invocations=53 (full 0):
 garbage-first heap   total 253952K, used 128000K [0x0000000080000000, 0x0000000100000000)
  region size 1024K, 7 young (7168K), 7 survivors (7168K)
 Metaspace       used 104359K, committed 105152K, reserved 1179648K
  class space    used 14334K, committed 14720K, reserved 1048576K
}
Event: 125.198 GC heap before
{Heap before GC invocations=53 (full 0):
 garbage-first heap   total 253952K, used 205824K [0x0000000080000000, 0x0000000100000000)
  region size 1024K, 84 young (86016K), 7 survivors (7168K)
 Metaspace       used 105517K, committed 106368K, reserved 1179648K
  class space    used 14510K, committed 14912K, reserved 1048576K
}
Event: 125.733 GC heap after
{Heap after GC invocations=54 (full 0):
 garbage-first heap   total 253952K, used 133106K [0x0000000080000000, 0x0000000100000000)
  region size 1024K, 7 young (7168K), 7 survivors (7168K)
 Metaspace       used 105517K, committed 106368K, reserved 1179648K
  class space    used 14510K, committed 14912K, reserved 1048576K
}
Event: 126.834 GC heap before
{Heap before GC invocations=54 (full 0):
 garbage-first heap   total 253952K, used 153586K [0x0000000080000000, 0x0000000100000000)
  region size 1024K, 23 young (23552K), 7 survivors (7168K)
 Metaspace       used 106593K, committed 107392K, reserved 1179648K
  class space    used 14574K, committed 14976K, reserved 1048576K
}
Event: 126.874 GC heap after
{Heap after GC invocations=55 (full 0):
 garbage-first heap   total 253952K, used 133120K [0x0000000080000000, 0x0000000100000000)
  region size 1024K, 1 young (1024K), 1 survivors (1024K)
 Metaspace       used 106593K, committed 107392K, reserved 1179648K
  class space    used 14574K, committed 14976K, reserved 1048576K
}
Event: 132.255 GC heap before
{Heap before GC invocations=55 (full 0):
 garbage-first heap   total 253952K, used 212992K [0x0000000080000000, 0x0000000100000000)
  region size 1024K, 78 young (79872K), 1 survivors (1024K)
 Metaspace       used 114429K, committed 115264K, reserved 1179648K
  class space    used 15539K, committed 15936K, reserved 1048576K
}
Event: 132.341 GC heap after
{Heap after GC invocations=56 (full 0):
 garbage-first heap   total 253952K, used 147940K [0x0000000080000000, 0x0000000100000000)
  region size 1024K, 10 young (10240K), 10 survivors (10240K)
 Metaspace       used 114429K, committed 115264K, reserved 1179648K
  class space    used 15539K, committed 15936K, reserved 1048576K
}
Event: 133.384 GC heap before
{Heap before GC invocations=56 (full 0):
 garbage-first heap   total 253952K, used 168420K [0x0000000080000000, 0x0000000100000000)
  region size 1024K, 30 young (30720K), 10 survivors (10240K)
 Metaspace       used 114492K, committed 115328K, reserved 1179648K
  class space    used 15545K, committed 15936K, reserved 1048576K
}
Event: 133.462 GC heap after
{Heap after GC invocations=57 (full 0):
 garbage-first heap   total 253952K, used 153600K [0x0000000080000000, 0x0000000100000000)
  region size 1024K, 4 young (4096K), 4 survivors (4096K)
 Metaspace       used 114492K, committed 115328K, reserved 1179648K
  class space    used 15545K, committed 15936K, reserved 1048576K
}
Event: 136.843 GC heap before
{Heap before GC invocations=57 (full 0):
 garbage-first heap   total 253952K, used 187392K [0x0000000080000000, 0x0000000100000000)
  region size 1024K, 38 young (38912K), 4 survivors (4096K)
 Metaspace       used 116687K, committed 117504K, reserved 1179648K
  class space    used 15796K, committed 16192K, reserved 1048576K
}
Event: 136.872 GC heap after
{Heap after GC invocations=58 (full 0):
 garbage-first heap   total 253952K, used 156073K [0x0000000080000000, 0x0000000100000000)
  region size 1024K, 5 young (5120K), 5 survivors (5120K)
 Metaspace       used 116687K, committed 117504K, reserved 1179648K
  class space    used 15796K, committed 16192K, reserved 1048576K
}
Event: 139.002 GC heap before
{Heap before GC invocations=58 (full 0):
 garbage-first heap   total 253952K, used 202153K [0x0000000080000000, 0x0000000100000000)
  region size 1024K, 49 young (50176K), 5 survivors (5120K)
 Metaspace       used 119868K, committed 120704K, reserved 1179648K
  class space    used 16236K, committed 16640K, reserved 1048576K
}
Event: 139.036 GC heap after
{Heap after GC invocations=59 (full 0):
 garbage-first heap   total 253952K, used 158930K [0x0000000080000000, 0x0000000100000000)
  region size 1024K, 4 young (4096K), 4 survivors (4096K)
 Metaspace       used 119868K, committed 120704K, reserved 1179648K
  class space    used 16236K, committed 16640K, reserved 1048576K
}
Event: 140.456 GC heap before
{Heap before GC invocations=59 (full 0):
 garbage-first heap   total 253952K, used 202962K [0x0000000080000000, 0x0000000100000000)
  region size 1024K, 48 young (49152K), 4 survivors (4096K)
 Metaspace       used 124058K, committed 124928K, reserved 1179648K
  class space    used 16789K, committed 17216K, reserved 1048576K
}
Event: 140.493 GC heap after
{Heap after GC invocations=60 (full 0):
 garbage-first heap   total 253952K, used 164864K [0x0000000080000000, 0x0000000100000000)
  region size 1024K, 6 young (6144K), 6 survivors (6144K)
 Metaspace       used 124058K, committed 124928K, reserved 1179648K
  class space    used 16789K, committed 17216K, reserved 1048576K
}
Event: 142.759 GC heap before
{Heap before GC invocations=60 (full 0):
 garbage-first heap   total 253952K, used 205824K [0x0000000080000000, 0x0000000100000000)
  region size 1024K, 47 young (48128K), 6 survivors (6144K)
 Metaspace       used 129256K, committed 130112K, reserved 1179648K
  class space    used 17584K, committed 17984K, reserved 1048576K
}
Event: 142.809 GC heap after
{Heap after GC invocations=61 (full 0):
 garbage-first heap   total 253952K, used 167718K [0x0000000080000000, 0x0000000100000000)
  region size 1024K, 3 young (3072K), 3 survivors (3072K)
 Metaspace       used 129256K, committed 130112K, reserved 1179648K
  class space    used 17584K, committed 17984K, reserved 1048576K
}
Event: 145.974 GC heap before
{Heap before GC invocations=61 (full 0):
 garbage-first heap   total 253952K, used 208678K [0x0000000080000000, 0x0000000100000000)
  region size 1024K, 44 young (45056K), 3 survivors (3072K)
 Metaspace       used 130734K, committed 131648K, reserved 1179648K
  class space    used 17661K, committed 18112K, reserved 1048576K
}

