# JRE version: OpenJDK Runtime Environment (17.0.7) (build 17.0.7+0-b2043.56-10550314)
# Java VM: OpenJDK 64-Bit Server VM (17.0.7+0-b2043.56-10550314, mixed mode, tiered, compressed oops, compressed class ptrs, g1 gc, windows-amd64)
GC Precious Log:
 CPUs: 2 total, 2 available
 Memory: 3919M
 Large Page Support: Disabled
 NUMA Support: Disabled
 Compressed Oops: Enabled (32-bit)
 Heap Region Size: 1M
 Heap Min Capacity: 8M
 Heap Initial Capacity: 62M
 Heap Max Capacity: 2G
 Pre-touch: Disabled
 Parallel Workers: 2
 Concurrent Workers: 1
 Concurrent Refinement Workers: 2
 Periodic GC: Disabled
Heap:
 garbage-first heap   total 235520K, used 164352K [0x0000000080000000, 0x0000000100000000)
  region size 1024K, 53 young (54272K), 12 survivors (12288K)
 Metaspace       used 104894K, committed 105664K, reserved 1179648K
  class space    used 14319K, committed 14720K, reserved 1048576K
GC Heap History (20 events):
Event: 33.114 GC heap before
{Heap before GC invocations=30 (full 0):
 garbage-first heap   total 107520K, used 87232K [0x0000000080000000, 0x0000000100000000)
  region size 1024K, 24 young (24576K), 1 survivors (1024K)
 Metaspace       used 65741K, committed 66240K, reserved 1114112K
  class space    used 8778K, committed 9024K, reserved 1048576K
}
Event: 33.124 GC heap after
{Heap after GC invocations=31 (full 0):
 garbage-first heap   total 107520K, used 66453K [0x0000000080000000, 0x0000000100000000)
  region size 1024K, 3 young (3072K), 3 survivors (3072K)
 Metaspace       used 65741K, committed 66240K, reserved 1114112K
  class space    used 8778K, committed 9024K, reserved 1048576K
}
Event: 33.147 GC heap before
{Heap before GC invocations=31 (full 0):
 garbage-first heap   total 107520K, used 70549K [0x0000000080000000, 0x0000000100000000)
  region size 1024K, 5 young (5120K), 3 survivors (3072K)
 Metaspace       used 65741K, committed 66240K, reserved 1114112K
  class space    used 8778K, committed 9024K, reserved 1048576K
}
Event: 33.163 GC heap after
{Heap after GC invocations=32 (full 0):
 garbage-first heap   total 107520K, used 68937K [0x0000000080000000, 0x0000000100000000)
  region size 1024K, 1 young (1024K), 1 survivors (1024K)
 Metaspace       used 65741K, committed 66240K, reserved 1114112K
  class space    used 8778K, committed 9024K, reserved 1048576K
}
Event: 33.713 GC heap before
{Heap before GC invocations=32 (full 0):
 garbage-first heap   total 107520K, used 90441K [0x0000000080000000, 0x0000000100000000)
  region size 1024K, 20 young (20480K), 1 survivors (1024K)
 Metaspace       used 66765K, committed 67328K, reserved 1114112K
  class space    used 8918K, committed 9216K, reserved 1048576K
}
Event: 33.721 GC heap after
{Heap after GC invocations=33 (full 0):
 garbage-first heap   total 235520K, used 70297K [0x0000000080000000, 0x0000000100000000)
  region size 1024K, 3 young (3072K), 3 survivors (3072K)
 Metaspace       used 66765K, committed 67328K, reserved 1114112K
  class space    used 8918K, committed 9216K, reserved 1048576K
}
Event: 39.049 GC heap before
{Heap before GC invocations=34 (full 0):
 garbage-first heap   total 235520K, used 174745K [0x0000000080000000, 0x0000000100000000)
  region size 1024K, 102 young (104448K), 3 survivors (3072K)
 Metaspace       used 75935K, committed 76480K, reserved 1179648K
  class space    used 10190K, committed 10432K, reserved 1048576K
}
Event: 39.076 GC heap after
{Heap after GC invocations=35 (full 0):
 garbage-first heap   total 235520K, used 77114K [0x0000000080000000, 0x0000000100000000)
  region size 1024K, 8 young (8192K), 8 survivors (8192K)
 Metaspace       used 75935K, committed 76480K, reserved 1179648K
  class space    used 10190K, committed 10432K, reserved 1048576K
}
Event: 39.151 GC heap before
{Heap before GC invocations=35 (full 0):
 garbage-first heap   total 235520K, used 80186K [0x0000000080000000, 0x0000000100000000)
  region size 1024K, 11 young (11264K), 8 survivors (8192K)
 Metaspace       used 76169K, committed 76736K, reserved 1179648K
  class space    used 10218K, committed 10496K, reserved 1048576K
}
Event: 39.170 GC heap after
{Heap after GC invocations=36 (full 0):
 garbage-first heap   total 235520K, used 77274K [0x0000000080000000, 0x0000000100000000)
  region size 1024K, 1 young (1024K), 1 survivors (1024K)
 Metaspace       used 76169K, committed 76736K, reserved 1179648K
  class space    used 10218K, committed 10496K, reserved 1048576K
}
Event: 45.085 GC heap before
{Heap before GC invocations=36 (full 0):
 garbage-first heap   total 235520K, used 182746K [0x0000000080000000, 0x0000000100000000)
  region size 1024K, 104 young (106496K), 1 survivors (1024K)
 Metaspace       used 82592K, committed 83200K, reserved 1179648K
  class space    used 11158K, committed 11456K, reserved 1048576K
}
Event: 45.115 GC heap after
{Heap after GC invocations=37 (full 0):
 garbage-first heap   total 235520K, used 83274K [0x0000000080000000, 0x0000000100000000)
  region size 1024K, 7 young (7168K), 7 survivors (7168K)
 Metaspace       used 82592K, committed 83200K, reserved 1179648K
  class space    used 11158K, committed 11456K, reserved 1048576K
}
Event: 49.833 GC heap before
{Heap before GC invocations=37 (full 0):
 garbage-first heap   total 235520K, used 185674K [0x0000000080000000, 0x0000000100000000)
  region size 1024K, 107 young (109568K), 7 survivors (7168K)
 Metaspace       used 90555K, committed 91200K, reserved 1179648K
  class space    used 12443K, committed 12736K, reserved 1048576K
}
Event: 49.883 GC heap after
{Heap after GC invocations=38 (full 0):
 garbage-first heap   total 235520K, used 89088K [0x0000000080000000, 0x0000000100000000)
  region size 1024K, 13 young (13312K), 13 survivors (13312K)
 Metaspace       used 90555K, committed 91200K, reserved 1179648K
  class space    used 12443K, committed 12736K, reserved 1048576K
}
Event: 53.508 GC heap before
{Heap before GC invocations=38 (full 0):
 garbage-first heap   total 235520K, used 189440K [0x0000000080000000, 0x0000000100000000)
  region size 1024K, 111 young (113664K), 13 survivors (13312K)
 Metaspace       used 97527K, committed 98304K, reserved 1179648K
  class space    used 13424K, committed 13824K, reserved 1048576K
}
Event: 53.597 GC heap after
{Heap after GC invocations=39 (full 0):
 garbage-first heap   total 235520K, used 96378K [0x0000000080000000, 0x0000000100000000)
  region size 1024K, 13 young (13312K), 13 survivors (13312K)
 Metaspace       used 97527K, committed 98304K, reserved 1179648K
  class space    used 13424K, committed 13824K, reserved 1048576K
}
Event: 58.034 GC heap before
{Heap before GC invocations=39 (full 0):
 garbage-first heap   total 235520K, used 190586K [0x0000000080000000, 0x0000000100000000)
  region size 1024K, 105 young (107520K), 13 survivors (13312K)
 Metaspace       used 99759K, committed 100544K, reserved 1179648K
  class space    used 13768K, committed 14144K, reserved 1048576K
}
Event: 58.133 GC heap after
{Heap after GC invocations=40 (full 0):
 garbage-first heap   total 235520K, used 109546K [0x0000000080000000, 0x0000000100000000)
  region size 1024K, 13 young (13312K), 13 survivors (13312K)
 Metaspace       used 99759K, committed 100544K, reserved 1179648K
  class space    used 13768K, committed 14144K, reserved 1048576K
}
Event: 62.749 GC heap before
{Heap before GC invocations=40 (full 0):
 garbage-first heap   total 235520K, used 195562K [0x0000000080000000, 0x0000000100000000)
  region size 1024K, 90 young (92160K), 13 survivors (13312K)
 Metaspace       used 102656K, committed 103424K, reserved 1179648K
  class space    used 14043K, committed 14400K, reserved 1048576K
}
Event: 62.851 GC heap after
{Heap after GC invocations=41 (full 0):
 garbage-first heap   total 235520K, used 123392K [0x0000000080000000, 0x0000000100000000)
  region size 1024K, 12 young (12288K), 12 survivors (12288K)
 Metaspace       used 102656K, committed 103424K, reserved 1179648K
  class space    used 14043K, committed 14400K, reserved 1048576K
}

